Determining if the pthread_create exist failed with the following output:
Change Dir: /home/x/Bureau/SOURCES/MINUIT/modus-build/CMakeFiles/CMakeTmp

Run Build Command:/usr/bin/make "cmTryCompileExec3527179377/fast"
/usr/bin/make -f CMakeFiles/cmTryCompileExec3527179377.dir/build.make CMakeFiles/cmTryCompileExec3527179377.dir/build
make[1]: entrant dans le répertoire « /home/x/Bureau/SOURCES/MINUIT/modus-build/CMakeFiles/CMakeTmp »
/usr/bin/cmake -E cmake_progress_report /home/x/Bureau/SOURCES/MINUIT/modus-build/CMakeFiles/CMakeTmp/CMakeFiles 1
Building C object CMakeFiles/cmTryCompileExec3527179377.dir/CheckSymbolExists.c.o
/usr/bin/gcc    -o CMakeFiles/cmTryCompileExec3527179377.dir/CheckSymbolExists.c.o   -c /home/x/Bureau/SOURCES/MINUIT/modus-build/CMakeFiles/CMakeTmp/CheckSymbolExists.c
Linking C executable cmTryCompileExec3527179377
/usr/bin/cmake -E cmake_link_script CMakeFiles/cmTryCompileExec3527179377.dir/link.txt --verbose=1
/usr/bin/gcc         CMakeFiles/cmTryCompileExec3527179377.dir/CheckSymbolExists.c.o  -o cmTryCompileExec3527179377 -rdynamic 
CMakeFiles/cmTryCompileExec3527179377.dir/CheckSymbolExists.c.o: In function `main':
CheckSymbolExists.c:(.text+0x16): undefined reference to `pthread_create'
collect2: error: ld returned 1 exit status
make[1]: *** [cmTryCompileExec3527179377] Erreur 1
make[1]: quittant le répertoire « /home/x/Bureau/SOURCES/MINUIT/modus-build/CMakeFiles/CMakeTmp »
make: *** [cmTryCompileExec3527179377/fast] Erreur 2

File /home/x/Bureau/SOURCES/MINUIT/modus-build/CMakeFiles/CMakeTmp/CheckSymbolExists.c:
/* */
#include <pthread.h>

int main(int argc, char** argv)
{
  (void)argv;
#ifndef pthread_create
  return ((int*)(&pthread_create))[argc];
#else
  (void)argc;
  return 0;
#endif
}

Determining if the function pthread_create exists in the pthreads failed with the following output:
Change Dir: /home/x/Bureau/SOURCES/MINUIT/modus-build/CMakeFiles/CMakeTmp

Run Build Command:/usr/bin/make "cmTryCompileExec3381230646/fast"
/usr/bin/make -f CMakeFiles/cmTryCompileExec3381230646.dir/build.make CMakeFiles/cmTryCompileExec3381230646.dir/build
make[1]: entrant dans le répertoire « /home/x/Bureau/SOURCES/MINUIT/modus-build/CMakeFiles/CMakeTmp »
make[1]: AVERTISSEMENT: fichier « /usr/share/cmake-2.8/Modules/CheckFunctionExists.c » a une date de modification 3,7e+08 dans le futur
/usr/bin/cmake -E cmake_progress_report /home/x/Bureau/SOURCES/MINUIT/modus-build/CMakeFiles/CMakeTmp/CMakeFiles 1
Building C object CMakeFiles/cmTryCompileExec3381230646.dir/CheckFunctionExists.c.o
/usr/bin/gcc   -DCHECK_FUNCTION_EXISTS=pthread_create   -o CMakeFiles/cmTryCompileExec3381230646.dir/CheckFunctionExists.c.o   -c /usr/share/cmake-2.8/Modules/CheckFunctionExists.c
Linking C executable cmTryCompileExec3381230646
/usr/bin/cmake -E cmake_link_script CMakeFiles/cmTryCompileExec3381230646.dir/link.txt --verbose=1
/usr/bin/gcc     -DCHECK_FUNCTION_EXISTS=pthread_create    CMakeFiles/cmTryCompileExec3381230646.dir/CheckFunctionExists.c.o  -o cmTryCompileExec3381230646 -rdynamic -lpthreads 
/usr/bin/ld: cannot find -lpthreads
collect2: error: ld returned 1 exit status
make[1]: quittant le répertoire « /home/x/Bureau/SOURCES/MINUIT/modus-build/CMakeFiles/CMakeTmp »
make[1]: *** [cmTryCompileExec3381230646] Erreur 1
make: *** [cmTryCompileExec3381230646/fast] Erreur 2


